# JRE version: Java(TM) SE Runtime Environment (8.0_281-b09) (build 1.8.0_281-b09)
# Java VM: Java HotSpot(TM) 64-Bit Server VM (25.281-b09 mixed mode windows-amd64 compressed oops)
Heap:
 PSYoungGen      total 140288K, used 27122K [0x00000000f5980000, 0x00000000feb80000, 0x0000000100000000)
  eden space 131072K, 16% used [0x00000000f5980000,0x00000000f6f02d88,0x00000000fd980000)
  from space 9216K, 55% used [0x00000000fe280000,0x00000000fe779df0,0x00000000feb80000)
  to   space 9216K, 0% used [0x00000000fd980000,0x00000000fd980000,0x00000000fe280000)
 ParOldGen       total 86016K, used 4323K [0x00000000e0c00000, 0x00000000e6000000, 0x00000000f5980000)
  object space 86016K, 5% used [0x00000000e0c00000,0x00000000e1038c88,0x00000000e6000000)
 Metaspace       used 11842K, capacity 12182K, committed 12416K, reserved 1060864K
  class space    used 1407K, capacity 1537K, committed 1664K, reserved 1048576K
GC Heap History (10 events):
Event: 24.199 GC heap before
{Heap before GC invocations=2 (full 0):
 PSYoungGen      total 37888K, used 37879K [0x00000000f5980000, 0x00000000f8380000, 0x0000000100000000)
  eden space 32768K, 100% used [0x00000000f5980000,0x00000000f7980000,0x00000000f7980000)
  from space 5120K, 99% used [0x00000000f7980000,0x00000000f7e7dde0,0x00000000f7e80000)
  to   space 5120K, 0% used [0x00000000f7e80000,0x00000000f7e80000,0x00000000f8380000)
 ParOldGen       total 86016K, used 3933K [0x00000000e0c00000, 0x00000000e6000000, 0x00000000f5980000)
  object space 86016K, 4% used [0x00000000e0c00000,0x00000000e0fd74c8,0x00000000e6000000)
 Metaspace       used 11669K, capacity 11978K, committed 12032K, reserved 1060864K
  class space    used 1406K, capacity 1535K, committed 1536K, reserved 1048576K
Event: 24.205 GC heap after
Heap after GC invocations=2 (full 0):
 PSYoungGen      total 37888K, used 5095K [0x00000000f5980000, 0x00000000f8380000, 0x0000000100000000)
  eden space 32768K, 0% used [0x00000000f5980000,0x00000000f5980000,0x00000000f7980000)
  from space 5120K, 99% used [0x00000000f7e80000,0x00000000f8379dd0,0x00000000f8380000)
  to   space 5120K, 0% used [0x00000000f7980000,0x00000000f7980000,0x00000000f7e80000)
 ParOldGen       total 86016K, used 4243K [0x00000000e0c00000, 0x00000000e6000000, 0x00000000f5980000)
  object space 86016K, 4% used [0x00000000e0c00000,0x00000000e1024c88,0x00000000e6000000)
 Metaspace       used 11669K, capacity 11978K, committed 12032K, reserved 1060864K
  class space    used 1406K, capacity 1535K, committed 1536K, reserved 1048576K
}
Event: 24.517 GC heap before
{Heap before GC invocations=3 (full 0):
 PSYoungGen      total 37888K, used 37863K [0x00000000f5980000, 0x00000000f8380000, 0x0000000100000000)
  eden space 32768K, 100% used [0x00000000f5980000,0x00000000f7980000,0x00000000f7980000)
  from space 5120K, 99% used [0x00000000f7e80000,0x00000000f8379dd0,0x00000000f8380000)
  to   space 5120K, 0% used [0x00000000f7980000,0x00000000f7980000,0x00000000f7e80000)
 ParOldGen       total 86016K, used 4243K [0x00000000e0c00000, 0x00000000e6000000, 0x00000000f5980000)
  object space 86016K, 4% used [0x00000000e0c00000,0x00000000e1024c88,0x00000000e6000000)
 Metaspace       used 11684K, capacity 12042K, committed 12288K, reserved 1060864K
  class space    used 1406K, capacity 1535K, committed 1536K, reserved 1048576K
Event: 24.527 GC heap after
Heap after GC invocations=3 (full 0):
 PSYoungGen      total 37888K, used 5099K [0x00000000f5980000, 0x00000000fa380000, 0x0000000100000000)
  eden space 32768K, 0% used [0x00000000f5980000,0x00000000f5980000,0x00000000f7980000)
  from space 5120K, 99% used [0x00000000f7980000,0x00000000f7e7ae00,0x00000000f7e80000)
  to   space 5120K, 0% used [0x00000000f9e80000,0x00000000f9e80000,0x00000000fa380000)
 ParOldGen       total 86016K, used 4299K [0x00000000e0c00000, 0x00000000e6000000, 0x00000000f5980000)
  object space 86016K, 4% used [0x00000000e0c00000,0x00000000e1032c88,0x00000000e6000000)
 Metaspace       used 11684K, capacity 12042K, committed 12288K, reserved 1060864K
  class space    used 1406K, capacity 1535K, committed 1536K, reserved 1048576K
}
Event: 24.828 GC heap before
{Heap before GC invocations=4 (full 0):
 PSYoungGen      total 37888K, used 37867K [0x00000000f5980000, 0x00000000fa380000, 0x0000000100000000)
  eden space 32768K, 100% used [0x00000000f5980000,0x00000000f7980000,0x00000000f7980000)
  from space 5120K, 99% used [0x00000000f7980000,0x00000000f7e7ae00,0x00000000f7e80000)
  to   space 5120K, 0% used [0x00000000f9e80000,0x00000000f9e80000,0x00000000fa380000)
 ParOldGen       total 86016K, used 4299K [0x00000000e0c00000, 0x00000000e6000000, 0x00000000f5980000)
  object space 86016K, 4% used [0x00000000e0c00000,0x00000000e1032c88,0x00000000e6000000)
 Metaspace       used 11713K, capacity 12118K, committed 12416K, reserved 1060864K
  class space    used 1407K, capacity 1537K, committed 1664K, reserved 1048576K
Event: 24.836 GC heap after
Heap after GC invocations=4 (full 0):
 PSYoungGen      total 70656K, used 5079K [0x00000000f5980000, 0x00000000fa380000, 0x0000000100000000)
  eden space 65536K, 0% used [0x00000000f5980000,0x00000000f5980000,0x00000000f9980000)
  from space 5120K, 99% used [0x00000000f9e80000,0x00000000fa375e00,0x00000000fa380000)
  to   space 5120K, 0% used [0x00000000f9980000,0x00000000f9980000,0x00000000f9e80000)
 ParOldGen       total 86016K, used 4307K [0x00000000e0c00000, 0x00000000e6000000, 0x00000000f5980000)
  object space 86016K, 5% used [0x00000000e0c00000,0x00000000e1034c88,0x00000000e6000000)
 Metaspace       used 11713K, capacity 12118K, committed 12416K, reserved 1060864K
  class space    used 1407K, capacity 1537K, committed 1664K, reserved 1048576K
}
Event: 30.317 GC heap before
{Heap before GC invocations=5 (full 0):
 PSYoungGen      total 70656K, used 70615K [0x00000000f5980000, 0x00000000fa380000, 0x0000000100000000)
  eden space 65536K, 100% used [0x00000000f5980000,0x00000000f9980000,0x00000000f9980000)
  from space 5120K, 99% used [0x00000000f9e80000,0x00000000fa375e00,0x00000000fa380000)
  to   space 5120K, 0% used [0x00000000f9980000,0x00000000f9980000,0x00000000f9e80000)
 ParOldGen       total 86016K, used 4307K [0x00000000e0c00000, 0x00000000e6000000, 0x00000000f5980000)
  object space 86016K, 5% used [0x00000000e0c00000,0x00000000e1034c88,0x00000000e6000000)
 Metaspace       used 11772K, capacity 12118K, committed 12416K, reserved 1060864K
  class space    used 1407K, capacity 1537K, committed 1664K, reserved 1048576K
Event: 30.339 GC heap after
Heap after GC invocations=5 (full 0):
 PSYoungGen      total 70656K, used 5031K [0x00000000f5980000, 0x00000000feb80000, 0x0000000100000000)
  eden space 65536K, 0% used [0x00000000f5980000,0x00000000f5980000,0x00000000f9980000)
  from space 5120K, 98% used [0x00000000f9980000,0x00000000f9e69df0,0x00000000f9e80000)
  to   space 9216K, 0% used [0x00000000fe280000,0x00000000fe280000,0x00000000feb80000)
 ParOldGen       total 86016K, used 4315K [0x00000000e0c00000, 0x00000000e6000000, 0x00000000f5980000)
  object space 86016K, 5% used [0x00000000e0c00000,0x00000000e1036c88,0x00000000e6000000)
 Metaspace       used 11772K, capacity 12118K, committed 12416K, reserved 1060864K
  class space    used 1407K, capacity 1537K, committed 1664K, reserved 1048576K
}
Event: 31.230 GC heap before
{Heap before GC invocations=6 (full 0):
 PSYoungGen      total 70656K, used 70567K [0x00000000f5980000, 0x00000000feb80000, 0x0000000100000000)
  eden space 65536K, 100% used [0x00000000f5980000,0x00000000f9980000,0x00000000f9980000)
  from space 5120K, 98% used [0x00000000f9980000,0x00000000f9e69df0,0x00000000f9e80000)
  to   space 9216K, 0% used [0x00000000fe280000,0x00000000fe280000,0x00000000feb80000)
 ParOldGen       total 86016K, used 4315K [0x00000000e0c00000, 0x00000000e6000000, 0x00000000f5980000)
  object space 86016K, 5% used [0x00000000e0c00000,0x00000000e1036c88,0x00000000e6000000)
 Metaspace       used 11818K, capacity 12118K, committed 12416K, reserved 1060864K
  class space    used 1407K, capacity 1537K, committed 1664K, reserved 1048576K
Event: 31.237 GC heap after
Heap after GC invocations=6 (full 0):
 PSYoungGen      total 140288K, used 5095K [0x00000000f5980000, 0x00000000feb80000, 0x0000000100000000)
  eden space 131072K, 0% used [0x00000000f5980000,0x00000000f5980000,0x00000000fd980000)
  from space 9216K, 55% used [0x00000000fe280000,0x00000000fe779df0,0x00000000feb80000)
  to   space 9216K, 0% used [0x00000000fd980000,0x00000000fd980000,0x00000000fe280000)
 ParOldGen       total 86016K, used 4323K [0x00000000e0c00000, 0x00000000e6000000, 0x00000000f5980000)
  object space 86016K, 5% used [0x00000000e0c00000,0x00000000e1038c88,0x00000000e6000000)
 Metaspace       used 11818K, capacity 12118K, committed 12416K, reserved 1060864K
  class space    used 1407K, capacity 1537K, committed 1664K, reserved 1048576K
}

